PUPPETMASTER_FILE_LINE \(file: %{UNIXPATH:path}(,)? line: %{POSINT:line:integer}, column: %{POSINT:row:integer}\)
PUPPETMASTER_FILE_FUNCTION %{UNIXPATH:path} `%{WORD:function}'
PUPPETMASTER_COMPILED_CATALOG Compiled catalog for %{IPORHOST:shost} in environment %{WORD:environment} in %{NUMBER:seconds:float} seconds
PUPPETMASTER_CONCAT_FRAGMENT_WARNING \(Scope\(Concat::Fragment%{GREEDYDATA}
PUPPETMASTER_COULD_NOT_FIND_RESOURCE Could not find resource '%{GREEDYDATA:missingresource}' for relationship from '%{GREEDYDATA:relatedresource}' on node %{IPORHOST:shost}
PUPPETMASTER_COULD_NOT_RESOLVE Could not resolve %{IPORHOST:shost}: no name for %{IPORHOST}
PUPPETMASTER_COULD_NOT_RETRIEVE_FACTS Could not retrieve facts for %{IPORHOST:shost}: %{GREEDYDATA:errormessage}
PUPPETMASTER_EVALUATION_ERROR Evaluation Error: %{GREEDYDATA:errormessage}
PUPPETMASTER_FAILED_TO_SUBMIT Failed to submit '%{GREEDYDATA:action}' command for %{IPORHOST:shost} to PuppetDB at %{IPORHOST}:%{POSINT}: Connection refused - connect\(2\) for "%{IPORHOST}" port %{POSINT}
PUPPETMASTER_FORBIDDEN_REQUEST Forbidden request: %{IPORHOST:shost}\(%{IPORHOST:sip}\) access to %{UNIXPATH} \[%{WORD:action}\] authenticated  at :%{POSINT:line:int}
PUPPETMASTER_DENYING_ACCESS Denying access: %{PUPPETMASTER_FORBIDDEN_REQUEST}
PUPPETMASTER_HIERA_LOOKUP_FAILURE_DATA_ITEM_WITHOUT_DEFAULT Evaluation Error: Error while evaluating a Function Call, Could not find data item %%{GREEDYDATA:dataitem} in any Hiera data file and no default supplied at %{UNIXPATH:path}:%{POSINT:line:int}:%{POSINT:row:int} on node %{IPORHOST:shost}
PUPPETMASTER_HIERA_LOOKUP_FAILURE_QUALIFIED_VARIABLE \(Scope\(Class\[%{GREEDYDATA:class}\]\)\) Could not look up qualified variable '%{WORD:hiera_function}\('%{GREEDYDATA:variable}\)'; class %{WORD}\('%{GREEDYDATA} could not be found
PUPPETMASTER_HOST_WITH_WAITING_CERT_REQ %{IPORHOST:shost} has a waiting certificate request
PUPPETMASTER_IGNORE_INVALID_UTF8 Ignoring invalid UTF-8 byte sequences in data to be sent to PuppetDB
PUPPETMASTER_ILLEGAL_EXPRESSION Illegal expression. A Variable is unacceptable as function name in a Function Call at %{UNIXPATH:file}:%{POSINT:line:int}:%{POSINT:row:int} on node %{IPORHOST:shost}
PUPPETMASTER_INVALID_PARAM Invalid parameter %{WORD:parameter} on %{GREEDYDATA} on node %{IPORHOST:shost}
PUPPETMASTER_INVALID_RELATIONSHIP Invalid relationship: %{GREEDYDATA} doesn't seem to be in the catalog
PUPPETMASTER_LS_NOT_AVAILABLE Failed to write to %{IPORHOST:logstash_host} on port %{POSINT:logstash_port}: Connection refused - connect\(%{INT}\) for "%{IPORHOST}" port %{POSINT}
PUPPETMASTER_NOT_SENDING_TAGMAIL Not sending tagmail report; no changes
PUPPETMASTER_OTHER_WARNING \(Scope\(%{GREEDYDATA:class}\[%{GREEDYDATA:parameter}\]\)\) %{GREEDYDATA:errormessage}
PUPPETMASTER_PARAM_DECLARED_MORE_THAN_ONCE The parameter '%{WORD:parameter}' is declared more than once in the parameter list at %{UNIXPATH:path}:%{POSINT:line:int}:%{POSINT:row:int} on node %{IPORHOST:shost}
PUPPETMASTER_REPORT_PROCESSOR_FAILED Report processor failed: %{GREEDYDATA:errormessage}
PUPPETMASTER_SYNTAX_ERROR Syntax error at '%{GREEDYDATA}' at %{UNIXPATH:path}:%{POSINT:line:int}:%{POSINT:row:int} on node %{IPORHOST:shost}
PUPPETMASTER_STARTING Starting Puppet master version %{GREEDYDATA:version}
PUPPETMASTER_REMOVE_CERTREQUEST Removing file Puppet::SSL::CertificateRequest %{IPORHOST:shost} at '%{UNIXPATH}'
PUPPETMASTER_SIGNED_CERT Signed certificate request for %{IPORHOST:shost}
PUPPETMASTER_DUPLICATE_EXPORTED_RESOURCE A duplicate resource was found while collecting exported resources, with the type and title %{GREEDYDATA:resource} on node %{IPORHOST:shost}
PUPPETMASTER_UNKNOWN_VARIABLE Unknown variable: '%{GREEDYDATA:variable}'. (at %{UNIXPATH:path}:%{POSINT:line:int}:%{POSINT:row:int}|%{PUPPETMASTER_FILE_LINE})
DOESNT_WORK_PUPPETMASTER_STRING_COERCED The string '%{INT}' was automatically coerced to the numerical value %{INT} %{PUPPETMASTER_FILE_LINE}
PUPPETMASTER_STRING_COERCED The string '%{INT}' was automatically coerced to the numerical value %{GREEDYDATA}
PUPPETMASTER_UNPARSEABLE_METADATA %{WORD:module} has an invalid and unparsable metadata.json file. The parse error: %{GREEDYDATA}
PUPPETMASTER_NO_DEPENDENCIES_MODULE_PROVIDED No dependencies module metadata provided for %{WORD:module}
PUPPETMASTER_UNRESOLVED_MODULE_DEPENDENCIES ModuleLoader: module '%{WORD:module}' has unresolved dependencies - it will only see those that are resolved. Use 'puppet module list --tree' to see information about modules
PUPPETMASTER_FILE_LINE_UNAVAILABLE %{SPACE}\(file & line not available\)
PUPPETMASTER_UNDEFINED_VARIABLE Undefined variable '%{GREEDYDATA:variable}';
PUPPETMASTER_COULD_NOT_AUTOLOAD Could not autoload %{GREEDYDATA}: cannot load such file -- %{GREEDYDATA}
PUPPETMASTER_ERROR_ENCODING_UTF8 Error encoding a '%{GREEDYDATA:words}' command for host '%{IPORHOST:shost}' ignoring invalid UTF-8 byte sequences in data to be sent to PuppetDB, see debug logging for more info
PUPPETMASTER_DEPRECATION_WARNING This method is deprecated, %{GREEDYDATA}
PUPPETMASTER_DEPRECATED_FUNCTION The function '%{GREEDYDATA:function}' is deprecated in favor of using '%{GREEDYDATA}'. %{GREEDYDATA}
PUPPETMASTER_DEPRECATION_WHERE %{SPACE}\((at %{UNIXPATH}:%{POSINT}:in `deprecation'|in %{UNIXPATH})\)
PUPPETMASTER_HIERA_YAML_V3_FOUND hiera.yaml version 3 found at the environment root was ignored
PUPPETMASTER_HIERA_YAML_V3_DEPRECATED %{UNIXPATH}: Use of 'hiera.yaml' version 3 is deprecated. It should be converted to version 5
PUPPETMASTER_DEPRECATED_METADATA_JSON_ENTRY Defining "%{WORD}": "%{WORD}" in metadata.json is deprecated
PUPPETMASTER_AUTOSIGN signing certificate for %{IPORHOST}
PUPPETMASTER_CONVERT_TO_STRING Resource '%{GREEDYDATA}' contains a %{WORD} value. It will be converted to the String '%{GREEDYDATA}'
PUPPETMASTER_ERROR_CONNECTING_TO_PUPPETDB Error connecting to %{IPORHOST} on %{POSINT:port:int} at route %{GREEDYDATA}, error message received was '%{GREEDYDATA:errormessage}'. Failing over to the next PuppetDB server_url in the 'server_urls' list
PUPPETMASTER_GETTEXTSETUP_UNAVAILABLE GettextSetup is not available, skipping GettextSetup initialization for %{WORD:module}.
